<?xml version="1.0" encoding="UTF-8"?>
<!-- Generated by org.testng.reporters.JUnitReportReporter -->
<testsuite hostname="DESKTOP-HRVSO50" failures="0" tests="2" name="testcases.loginTestCase" time="20.955" errors="0" timestamp="2022-06-06T08:20:48 IST" skipped="0">
  <testcase classname="testcases.loginTestCase" name="launchBrowser" time="13.736"/>
  <system-out/>
  <testcase classname="testcases.loginTestCase" name="launchBrowser" time="7.219"/>
  <system-out/>
</testsuite> <!-- testcases.loginTestCase -->
